<?xml version="1.0" encoding="UTF-8"?>
<!-- Generated by org.testng.reporters.JUnitReportReporter -->
<testsuite hostname="Rehams-MacBook-Pro.local" failures="0" tests="1" name="Automation.Sameattribute" time="14.922" errors="0" timestamp="2022-07-26T07:53:11 AST" skipped="0">
  <testcase classname="Automation.Sameattribute" name="xPath" time="14.922"/>
  <system-out/>
</testsuite> <!-- Automation.Sameattribute -->
