<?xml version="1.0" encoding="UTF-8"?>
<!-- Generated by org.testng.reporters.JUnitReportReporter -->
<testsuite hostname="Rehams-MBP" failures="0" tests="1" name="Automation.Automation1" time="23.850" errors="0" timestamp="2022-07-26T08:51:55 AST" skipped="0">
  <testcase classname="Automation.Automation1" name="xPath" time="23.850"/>
  <system-out/>
</testsuite> <!-- Automation.Automation1 -->
