<?xml version="1.0" encoding="UTF-8"?>
<!-- Generated by org.testng.reporters.JUnitReportReporter -->
<testsuite hostname="Rehams-MBP" failures="0" tests="1" name="Automation.week8day2Q3" time="19.051" errors="0" timestamp="2022-07-25T15:16:44 AST" skipped="0">
  <testcase classname="Automation.week8day2Q3" name="xPath" time="19.051"/>
  <system-out/>
</testsuite> <!-- Automation.week8day2Q3 -->
