<?xml version="1.0" encoding="UTF-8"?>
<!-- Generated by org.testng.reporters.JUnitReportReporter -->
<testsuite hostname="Rehams-MBP" failures="0" tests="1" name="Automation.xpath" time="24.187" errors="0" timestamp="2022-07-26T15:17:55 AST" skipped="0">
  <testcase classname="Automation.xpath" name="xPath" time="24.187"/>
  <system-out/>
</testsuite> <!-- Automation.xpath -->
