<?xml version="1.0" encoding="UTF-8"?>
<!-- Generated by org.testng.reporters.JUnitReportReporter -->
<testsuite hostname="Rehams-MBP" failures="0" tests="1" name="Automation.containwithandor" time="12.891" errors="0" timestamp="2022-07-26T16:45:32 AST" skipped="0">
  <testcase classname="Automation.containwithandor" name="xPath" time="12.891"/>
  <system-out/>
</testsuite> <!-- Automation.containwithandor -->
