<?xml version="1.0" encoding="UTF-8"?>
<!-- Generated by org.testng.reporters.JUnitReportReporter -->
<testsuite hostname="Rehams-MBP" failures="0" tests="2" name="com.testng.TestNGClass1" time="0.009" errors="0" timestamp="2022-08-07T16:15:46 AST" skipped="0">
  <testcase classname="com.testng.TestNGClass1" name="test1002GroupYYY" time="0.002"/>
  <system-out/>
  <testcase classname="com.testng.TestNGClass1" name="test1001GroupXXX" time="0.007"/>
  <system-out/>
</testsuite> <!-- com.testng.TestNGClass1 -->
