<?xml version="1.0" encoding="UTF-8"?>
<!-- Generated by org.testng.reporters.JUnitReportReporter -->
<testsuite hostname="Rehams-MacBook-Pro.local" failures="0" tests="1" name="Automation.Relative" time="16.031" errors="0" timestamp="2022-07-26T07:30:07 AST" skipped="0">
  <testcase classname="Automation.Relative" name="xPath" time="16.031"/>
  <system-out/>
</testsuite> <!-- Automation.Relative -->
