<?xml version="1.0" encoding="UTF-8"?>
<!-- Generated by org.testng.reporters.JUnitReportReporter -->
<testsuite hostname="Rehams-MBP" failures="0" tests="1" name="Automation.contain" time="28.264" errors="0" timestamp="2022-07-26T16:50:37 AST" skipped="0">
  <testcase classname="Automation.contain" name="xPath" time="28.264"/>
  <system-out/>
</testsuite> <!-- Automation.contain -->
