<?xml version="1.0" encoding="UTF-8"?>
<!-- Generated by org.testng.reporters.JUnitReportReporter -->
<testsuite hostname="Rehams-MBP" failures="0" tests="1" name="Automation.W9D3AS1" time="26.846" errors="0" timestamp="2022-08-02T16:25:52 AST" skipped="0">
  <testcase classname="Automation.W9D3AS1" name="xPath" time="26.846"/>
  <system-out/>
</testsuite> <!-- Automation.W9D3AS1 -->
