<?xml version="1.0" encoding="UTF-8"?>
<!-- Generated by org.testng.reporters.JUnitReportReporter -->
<testsuite hostname="Rehams-MBP" failures="0" tests="1" name="Automation.XPathTextFunctionwwek8day4Q2" time="14.340" errors="0" timestamp="2022-07-30T23:51:49 AST" skipped="0">
  <testcase classname="Automation.XPathTextFunctionwwek8day4Q2" name="xPath" time="14.340"/>
  <system-out/>
</testsuite> <!-- Automation.XPathTextFunctionwwek8day4Q2 -->
