<?xml version="1.0" encoding="UTF-8"?>
<!-- Generated by org.testng.reporters.JUnitReportReporter -->
<testsuite hostname="Rehams-MBP" failures="0" tests="1" name="Automation.AbsoluteXPath" time="8.204" errors="0" timestamp="2022-07-25T15:57:44 AST" skipped="0">
  <testcase classname="Automation.AbsoluteXPath" name="xPath" time="8.204"/>
  <system-out/>
</testsuite> <!-- Automation.AbsoluteXPath -->
